Sat Sep 24 20:27:30 BRT 2011 : Apache Derby Network Server - 10.8.1.2 - (1095077) started and ready to accept connections on port 1527
----------------------------------------------------------------
Sat Sep 24 20:27:32 BRT 2011:
Booting Derby version The Apache Software Foundation - Apache Derby - 10.8.1.2 - (1095077): instance a816c00e-0132-9dc3-d6f5-ffff8ad49f29 
on database directory C:\Users\Leo\Documents\Leonardo\_Faculdade\Java\trunk\prova-online\DB\provaonline  with class loader sun.misc.Launcher$AppClassLoader@27cb01e3 
Loaded from file:/C:/Program%20Files/Java/jdk1.7.0/db/lib/derby.jar
java.vendor=Oracle Corporation
java.runtime.version=1.7.0-b147
user.dir=C:\Program Files\Java\jdk1.7.0\db
derby.system.home=C:\Users\Leo\Documents\Leonardo\_Faculdade\Java\trunk\prova-online\DB
Database Class Loader started - derby.database.classpath=''
----------------------------------------------------------------
Sat Sep 24 20:27:45 BRT 2011:
Shutting down instance a816c00e-0132-9dc3-d6f5-ffff8ad49f29 on database directory C:\Users\Leo\Documents\Leonardo\_Faculdade\Java\trunk\prova-online\DB\provaonline with class loader sun.misc.Launcher$AppClassLoader@27cb01e3 
Sat Sep 24 20:27:45 BRT 2011 Thread[DRDAConnThread_3,5,main] (DATABASE = provaonline), (DRDAID = {2}), Database 'provaonline' shutdown.
----------------------------------------------------------------
Sat Sep 24 20:28:13 BRT 2011:
Booting Derby version The Apache Software Foundation - Apache Derby - 10.8.1.2 - (1095077): instance 23ce809c-0132-9dc3-d6f5-ffff8ad49f29 
on database directory C:\Users\Leo\Documents\Leonardo\_Faculdade\Java\trunk\prova-online\DB\provaonline  with class loader sun.misc.Launcher$AppClassLoader@27cb01e3 
Loaded from file:/C:/Program%20Files/Java/jdk1.7.0/db/lib/derby.jar
java.vendor=Oracle Corporation
java.runtime.version=1.7.0-b147
user.dir=C:\Program Files\Java\jdk1.7.0\db
derby.system.home=C:\Users\Leo\Documents\Leonardo\_Faculdade\Java\trunk\prova-online\DB
Database Class Loader started - derby.database.classpath=''
